2017-11-04 12:50:56: -- 分析开始 User Command
2017-11-04 12:50:57: 变更：24， 冲突：， 复制时间：， 复制状态：， 错误： , All: 696
2017-11-04 12:50:57: Left to Right: Copy File: 24 
2017-11-04 12:50:57: -- 分析已结束。历时 00:00:01, 速度： 695 文件/秒
2017-11-04 12:50:57: 
2017-11-04 12:50:58: == 同步开始由 User Command
2017-11-04 12:50:58: 创建文件夹 'D:/OneDrive/c/bubsort'
2017-11-04 12:50:58: 创建文件夹 'D:/OneDrive/c/bubsort/bin'
2017-11-04 12:50:58: 创建文件夹 'D:/OneDrive/c/bubsort/bin/Debug'
2017-11-04 12:50:58: 创建文件夹 'D:/OneDrive/c/bubsort/obj'
2017-11-04 12:50:58: 创建文件夹 'D:/OneDrive/c/bubsort/obj/Debug'
2017-11-04 12:50:58: 创建文件夹 'D:/OneDrive/c/selsort'
2017-11-04 12:50:58: 创建文件夹 'D:/OneDrive/c/selsort/bin'
2017-11-04 12:50:58: 创建文件夹 'D:/OneDrive/c/selsort/bin/Debug'
2017-11-04 12:50:58: 创建文件夹 'D:/OneDrive/c/selsort/obj'
2017-11-04 12:50:58: 创建文件夹 'D:/OneDrive/c/selsort/obj/Debug'
2017-11-04 12:50:58: 新建复制 'D:/c/bubsort/bin/Debug/bubsort.exe' -> 'D:/OneDrive/c/bubsort/bin/Debug/bubsort.exe'
2017-11-04 12:50:58: 新建复制 'D:/c/bubsort/bubsort.cbp' -> 'D:/OneDrive/c/bubsort/bubsort.cbp'
2017-11-04 12:50:58: 新建复制 'D:/c/bubsort/bubsort.layout' -> 'D:/OneDrive/c/bubsort/bubsort.layout'
2017-11-04 12:50:58: 新建复制 'D:/c/bubsort/main.c' -> 'D:/OneDrive/c/bubsort/main.c'
2017-11-04 12:50:58: 新建复制 'D:/c/bubsort/main.c.save' -> 'D:/OneDrive/c/bubsort/main.c.save'
2017-11-04 12:50:58: 新建复制 'D:/c/bubsort/obj/Debug/main.o' -> 'D:/OneDrive/c/bubsort/obj/Debug/main.o'
2017-11-04 12:50:58: 新建复制 'D:/c/selsort/bin/Debug/selsort.exe' -> 'D:/OneDrive/c/selsort/bin/Debug/selsort.exe'
2017-11-04 12:50:58: 新建复制 'D:/c/selsort/main.c' -> 'D:/OneDrive/c/selsort/main.c'
2017-11-04 12:50:58: 新建复制 'D:/c/selsort/main.c.save' -> 'D:/OneDrive/c/selsort/main.c.save'
2017-11-04 12:50:58: 新建复制 'D:/c/selsort/obj/Debug/main.o' -> 'D:/OneDrive/c/selsort/obj/Debug/main.o'
2017-11-04 12:50:58: 新建复制 'D:/c/selsort/selsort.cbp' -> 'D:/OneDrive/c/selsort/selsort.cbp'
2017-11-04 12:50:58: 新建复制 'D:/c/selsort/selsort.depend' -> 'D:/OneDrive/c/selsort/selsort.depend'
2017-11-04 12:50:58: 新建复制 'D:/c/selsort/selsort.layout' -> 'D:/OneDrive/c/selsort/selsort.layout'
2017-11-04 12:50:58: 新建复制 'D:/c/selsort/selsort.layout.save' -> 'D:/OneDrive/c/selsort/selsort.layout.save'
2017-11-04 12:50:58: == 同步完成. 历时: 00:00:00, 速度: 0 字节/s, 完成: 24, 错误: 
2017-11-04 12:50:58: 
