2017-11-04 00:32:17: -- 分析开始 User Command
2017-11-04 00:32:17: 变更：25， 冲突：， 复制时间：， 复制状态：， 错误： , All: 672
2017-11-04 00:32:17: Left to Right: Copy File: 25 
2017-11-04 00:32:17: -- 分析已结束。历时 00:00:00, 速度： Many 文件/秒
2017-11-04 00:32:17: 
2017-11-04 00:32:19: == 同步开始由 User Command
2017-11-04 00:32:20: 创建文件夹 'E:/c/perfectnum'
2017-11-04 00:32:20: 创建文件夹 'E:/c/perfectnum/bin'
2017-11-04 00:32:20: 创建文件夹 'E:/c/perfectnum/bin/Debug'
2017-11-04 00:32:21: 创建文件夹 'E:/c/perfectnum/obj'
2017-11-04 00:32:21: 创建文件夹 'E:/c/perfectnum/obj/Debug'
2017-11-04 00:32:22: 创建文件夹 'E:/c/primenum'
2017-11-04 00:32:22: 创建文件夹 'E:/c/primenum/bin'
2017-11-04 00:32:22: 创建文件夹 'E:/c/primenum/bin/Debug'
2017-11-04 00:32:23: 创建文件夹 'E:/c/primenum/obj'
2017-11-04 00:32:23: 创建文件夹 'E:/c/primenum/obj/Debug'
2017-11-04 00:32:26: 新建复制 'D:/c/perfectnum/bin/Debug/perfectnum.exe' -> 'E:/c/perfectnum/bin/Debug/perfectnum.exe'
2017-11-04 00:32:29: 新建复制 'D:/c/perfectnum/main.c' -> 'E:/c/perfectnum/main.c'
2017-11-04 00:32:29: 新建复制 'D:/c/perfectnum/main.c.save' -> 'E:/c/perfectnum/main.c.save'
2017-11-04 00:32:31: 新建复制 'D:/c/perfectnum/obj/Debug/main.o' -> 'E:/c/perfectnum/obj/Debug/main.o'
2017-11-04 00:32:34: 新建复制 'D:/c/perfectnum/perfectnum.cbp' -> 'E:/c/perfectnum/perfectnum.cbp'
2017-11-04 00:32:34: 新建复制 'D:/c/perfectnum/perfectnum.depend' -> 'E:/c/perfectnum/perfectnum.depend'
2017-11-04 00:32:34: 新建复制 'D:/c/perfectnum/perfectnum.layout' -> 'E:/c/perfectnum/perfectnum.layout'
2017-11-04 00:32:34: 新建复制 'D:/c/perfectnum/perfectnum.layout.save' -> 'E:/c/perfectnum/perfectnum.layout.save'
2017-11-04 00:32:39: 新建复制 'D:/c/primenum/bin/Debug/primenum.exe' -> 'E:/c/primenum/bin/Debug/primenum.exe'
2017-11-04 00:32:43: 新建复制 'D:/c/primenum/main.c' -> 'E:/c/primenum/main.c'
2017-11-04 00:32:43: 新建复制 'D:/c/primenum/main.c.save' -> 'E:/c/primenum/main.c.save'
2017-11-04 00:32:45: 新建复制 'D:/c/primenum/obj/Debug/main.o' -> 'E:/c/primenum/obj/Debug/main.o'
2017-11-04 00:32:48: 新建复制 'D:/c/primenum/primenum.cbp' -> 'E:/c/primenum/primenum.cbp'
2017-11-04 00:32:48: 新建复制 'D:/c/primenum/primenum.depend' -> 'E:/c/primenum/primenum.depend'
2017-11-04 00:32:48: 新建复制 'D:/c/primenum/primenum.layout' -> 'E:/c/primenum/primenum.layout'
2017-11-04 00:32:52: == 同步完成. 历时: 00:00:33, 速度: 5.01 KB/s, 完成: 25, 错误: 
2017-11-04 00:32:53: 
