2017-11-04 00:31:47: -- 分析开始 Analyze command
2017-11-04 00:31:47: 变更：25， 冲突：， 复制时间：， 复制状态：， 错误： , All: 672
2017-11-04 00:31:47: Left to Right: Copy File: 25 
2017-11-04 00:31:47: -- 分析已结束。历时 00:00:00, 速度： Many 文件/秒
2017-11-04 00:31:47: 
2017-11-04 00:32:02: == 同步开始由 User Command
2017-11-04 00:32:02: 创建文件夹 'D:/OneDrive/c/perfectnum'
2017-11-04 00:32:02: 创建文件夹 'D:/OneDrive/c/perfectnum/bin'
2017-11-04 00:32:03: 创建文件夹 'D:/OneDrive/c/perfectnum/bin/Debug'
2017-11-04 00:32:03: 创建文件夹 'D:/OneDrive/c/perfectnum/obj'
2017-11-04 00:32:03: 创建文件夹 'D:/OneDrive/c/perfectnum/obj/Debug'
2017-11-04 00:32:03: 创建文件夹 'D:/OneDrive/c/primenum'
2017-11-04 00:32:03: 创建文件夹 'D:/OneDrive/c/primenum/bin'
2017-11-04 00:32:03: 创建文件夹 'D:/OneDrive/c/primenum/bin/Debug'
2017-11-04 00:32:03: 创建文件夹 'D:/OneDrive/c/primenum/obj'
2017-11-04 00:32:03: 创建文件夹 'D:/OneDrive/c/primenum/obj/Debug'
2017-11-04 00:32:03: 新建复制 'D:/c/perfectnum/bin/Debug/perfectnum.exe' -> 'D:/OneDrive/c/perfectnum/bin/Debug/perfectnum.exe'
2017-11-04 00:32:03: 新建复制 'D:/c/perfectnum/main.c' -> 'D:/OneDrive/c/perfectnum/main.c'
2017-11-04 00:32:03: 新建复制 'D:/c/perfectnum/main.c.save' -> 'D:/OneDrive/c/perfectnum/main.c.save'
2017-11-04 00:32:03: 新建复制 'D:/c/perfectnum/obj/Debug/main.o' -> 'D:/OneDrive/c/perfectnum/obj/Debug/main.o'
2017-11-04 00:32:03: 新建复制 'D:/c/perfectnum/perfectnum.cbp' -> 'D:/OneDrive/c/perfectnum/perfectnum.cbp'
2017-11-04 00:32:03: 新建复制 'D:/c/perfectnum/perfectnum.depend' -> 'D:/OneDrive/c/perfectnum/perfectnum.depend'
2017-11-04 00:32:03: 新建复制 'D:/c/perfectnum/perfectnum.layout' -> 'D:/OneDrive/c/perfectnum/perfectnum.layout'
2017-11-04 00:32:03: 新建复制 'D:/c/perfectnum/perfectnum.layout.save' -> 'D:/OneDrive/c/perfectnum/perfectnum.layout.save'
2017-11-04 00:32:03: 新建复制 'D:/c/primenum/bin/Debug/primenum.exe' -> 'D:/OneDrive/c/primenum/bin/Debug/primenum.exe'
2017-11-04 00:32:03: 新建复制 'D:/c/primenum/main.c' -> 'D:/OneDrive/c/primenum/main.c'
2017-11-04 00:32:03: 新建复制 'D:/c/primenum/main.c.save' -> 'D:/OneDrive/c/primenum/main.c.save'
2017-11-04 00:32:03: 新建复制 'D:/c/primenum/obj/Debug/main.o' -> 'D:/OneDrive/c/primenum/obj/Debug/main.o'
2017-11-04 00:32:03: 新建复制 'D:/c/primenum/primenum.cbp' -> 'D:/OneDrive/c/primenum/primenum.cbp'
2017-11-04 00:32:03: 新建复制 'D:/c/primenum/primenum.depend' -> 'D:/OneDrive/c/primenum/primenum.depend'
2017-11-04 00:32:03: 新建复制 'D:/c/primenum/primenum.layout' -> 'D:/OneDrive/c/primenum/primenum.layout'
2017-11-04 00:32:03: == 同步完成. 历时: 00:00:01, 速度: 145 KB/s, 完成: 25, 错误: 
2017-11-04 00:32:03: 
